Input driver version is 1.0.1
Input device ID: bus 0x3 vendor 0x54c product 0xce6 version 0x8111
Input device name: "Sony Interactive Entertainment DualSense Wireless Controller"
Supported events:
  Event type 0 (EV_SYN)
  Event type 1 (EV_KEY)
    Event code 304 (BTN_SOUTH)
    Event code 305 (BTN_EAST)
    Event code 307 (BTN_NORTH)
    Event code 308 (BTN_WEST)
    Event code 310 (BTN_TL)
    Event code 311 (BTN_TR)
    Event code 312 (BTN_TL2)
    Event code 313 (BTN_TR2)
    Event code 314 (BTN_SELECT)
    Event code 315 (BTN_START)
    Event code 316 (BTN_MODE)
    Event code 317 (BTN_THUMBL)
    Event code 318 (BTN_THUMBR)
  Event type 3 (EV_ABS)
    Event code 0 (ABS_X)
      Value    124
      Min        0
      Max      255
    Event code 1 (ABS_Y)
      Value    119
      Min        0
      Max      255
    Event code 2 (ABS_Z)
      Value      0
      Min        0
      Max      255
    Event code 3 (ABS_RX)
      Value    129
      Min        0
      Max      255
    Event code 4 (ABS_RY)
      Value    124
      Min        0
      Max      255
    Event code 5 (ABS_RZ)
      Value      0
      Min        0
      Max      255
    Event code 16 (ABS_HAT0X)
      Value      0
      Min       -1
      Max        1
    Event code 17 (ABS_HAT0Y)
      Value      0
      Min       -1
      Max        1
Properties:
Testing ... (interrupt to exit)
Event: time 1694891971.870860, type 3 (EV_ABS), code 3 (ABS_RX), value 130
Event: time 1694891971.870860, -------------- SYN_REPORT ------------
Event: time 1694891971.875057, type 3 (EV_ABS), code 3 (ABS_RX), value 129
Event: time 1694891971.875057, -------------- SYN_REPORT ------------
Event: time 1694891972.254864, type 3 (EV_ABS), code 3 (ABS_RX), value 130
Event: time 1694891972.254864, -------------- SYN_REPORT ------------
Event: time 1694891972.258865, type 3 (EV_ABS), code 3 (ABS_RX), value 129
Event: time 1694891972.258865, -------------- SYN_REPORT ------------
Event: time 1694891972.274515, type 3 (EV_ABS), code 3 (ABS_RX), value 130
Event: time 1694891972.274515, -------------- SYN_REPORT ------------
Event: time 1694891972.278863, type 3 (EV_ABS), code 3 (ABS_RX), value 129
Event: time 1694891972.278863, -------------- SYN_REPORT ------------
Event: time 1694891972.751145, type 3 (EV_ABS), code 3 (ABS_RX), value 130
Event: time 1694891972.751145, -------------- SYN_REPORT ------------
Event: time 1694891972.754632, type 3 (EV_ABS), code 3 (ABS_RX), value 129
Event: time 1694891972.754632, -------------- SYN_REPORT ------------
Event: time 1694891972.799190, type 3 (EV_ABS), code 3 (ABS_RX), value 130
Event: time 1694891972.799190, -------------- SYN_REPORT ------------
Event: time 1694891972.803031, type 3 (EV_ABS), code 3 (ABS_RX), value 129
Event: time 1694891972.803031, -------------- SYN_REPORT ------------
Event: time 1694891973.419120, type 1 (EV_KEY), code 310 (BTN_TL), value 1
Event: time 1694891973.419120, -------------- SYN_REPORT ------------
Event: time 1694891973.619018, type 1 (EV_KEY), code 310 (BTN_TL), value 0
Event: time 1694891973.619018, -------------- SYN_REPORT ------------
Event: time 1694891973.847160, type 1 (EV_KEY), code 310 (BTN_TL), value 1
Event: time 1694891973.847160, -------------- SYN_REPORT ------------
Event: time 1694891974.027167, type 1 (EV_KEY), code 310 (BTN_TL), value 0
Event: time 1694891974.027167, -------------- SYN_REPORT ------------
Event: time 1694891974.235174, type 1 (EV_KEY), code 310 (BTN_TL), value 1
Event: time 1694891974.235174, -------------- SYN_REPORT ------------
Event: time 1694891974.447163, type 1 (EV_KEY), code 310 (BTN_TL), value 0
Event: time 1694891974.447163, -------------- SYN_REPORT ------------
Event: time 1694891974.627120, type 1 (EV_KEY), code 310 (BTN_TL), value 1
Event: time 1694891974.627120, -------------- SYN_REPORT ------------
Event: time 1694891974.819107, type 1 (EV_KEY), code 310 (BTN_TL), value 0
Event: time 1694891974.819107, -------------- SYN_REPORT ------------
Event: time 1694891974.978826, type 1 (EV_KEY), code 310 (BTN_TL), value 1
Event: time 1694891974.978826, -------------- SYN_REPORT ------------
Event: time 1694891975.175046, type 1 (EV_KEY), code 310 (BTN_TL), value 0
Event: time 1694891975.175046, -------------- SYN_REPORT ------------
Event: time 1694891975.322824, type 1 (EV_KEY), code 310 (BTN_TL), value 1
Event: time 1694891975.322824, -------------- SYN_REPORT ------------
Event: time 1694891975.531103, type 1 (EV_KEY), code 310 (BTN_TL), value 0
Event: time 1694891975.531103, -------------- SYN_REPORT ------------
Event: time 1694891975.691116, type 1 (EV_KEY), code 310 (BTN_TL), value 1
Event: time 1694891975.691116, -------------- SYN_REPORT ------------
Event: time 1694891975.902475, type 1 (EV_KEY), code 310 (BTN_TL), value 0
Event: time 1694891975.902475, -------------- SYN_REPORT ------------
Event: time 1694891976.082810, type 1 (EV_KEY), code 310 (BTN_TL), value 1
Event: time 1694891976.082810, -------------- SYN_REPORT ------------
Event: time 1694891976.282956, type 1 (EV_KEY), code 310 (BTN_TL), value 0
Event: time 1694891976.282956, -------------- SYN_REPORT ------------
Event: time 1694891976.615134, type 3 (EV_ABS), code 3 (ABS_RX), value 130
Event: time 1694891976.615134, -------------- SYN_REPORT ------------
Event: time 1694891976.619053, type 3 (EV_ABS), code 3 (ABS_RX), value 129
Event: time 1694891976.619053, -------------- SYN_REPORT ------------
Event: time 1694891976.730550, type 3 (EV_ABS), code 3 (ABS_RX), value 130
Event: time 1694891976.730550, -------------- SYN_REPORT ------------
Event: time 1694891976.735130, type 3 (EV_ABS), code 3 (ABS_RX), value 129
Event: time 1694891976.735130, -------------- SYN_REPORT ------------
