Input driver version is 1.0.1
Input device ID: bus 0x3 vendor 0x54c product 0xce6 version 0x8111
Input device name: "Sony Interactive Entertainment DualSense Wireless Controller"
Supported events:
  Event type 0 (EV_SYN)
  Event type 1 (EV_KEY)
    Event code 304 (BTN_SOUTH)
    Event code 305 (BTN_EAST)
    Event code 307 (BTN_NORTH)
    Event code 308 (BTN_WEST)
    Event code 310 (BTN_TL)
    Event code 311 (BTN_TR)
    Event code 312 (BTN_TL2)
    Event code 313 (BTN_TR2)
    Event code 314 (BTN_SELECT)
    Event code 315 (BTN_START)
    Event code 316 (BTN_MODE)
    Event code 317 (BTN_THUMBL)
    Event code 318 (BTN_THUMBR)
  Event type 3 (EV_ABS)
    Event code 0 (ABS_X)
      Value    127
      Min        0
      Max      255
    Event code 1 (ABS_Y)
      Value    120
      Min        0
      Max      255
    Event code 2 (ABS_Z)
      Value      0
      Min        0
      Max      255
    Event code 3 (ABS_RX)
      Value    130
      Min        0
      Max      255
    Event code 4 (ABS_RY)
      Value    128
      Min        0
      Max      255
    Event code 5 (ABS_RZ)
      Value      0
      Min        0
      Max      255
    Event code 16 (ABS_HAT0X)
      Value      0
      Min       -1
      Max        1
    Event code 17 (ABS_HAT0Y)
      Value      0
      Min       -1
      Max        1
Properties:
Testing ... (interrupt to exit)
Event: time 1694892389.625213, type 1 (EV_KEY), code 307 (BTN_NORTH), value 1
Event: time 1694892389.625213, -------------- SYN_REPORT ------------
Event: time 1694892389.773209, type 1 (EV_KEY), code 307 (BTN_NORTH), value 0
Event: time 1694892389.773209, -------------- SYN_REPORT ------------
Event: time 1694892389.865062, type 1 (EV_KEY), code 307 (BTN_NORTH), value 1
Event: time 1694892389.865062, -------------- SYN_REPORT ------------
Event: time 1694892389.981019, type 1 (EV_KEY), code 307 (BTN_NORTH), value 0
Event: time 1694892389.981019, -------------- SYN_REPORT ------------
Event: time 1694892390.084543, type 1 (EV_KEY), code 307 (BTN_NORTH), value 1
Event: time 1694892390.084543, -------------- SYN_REPORT ------------
Event: time 1694892390.189210, type 1 (EV_KEY), code 307 (BTN_NORTH), value 0
Event: time 1694892390.189210, -------------- SYN_REPORT ------------
Event: time 1694892390.305156, type 1 (EV_KEY), code 307 (BTN_NORTH), value 1
Event: time 1694892390.305156, -------------- SYN_REPORT ------------
Event: time 1694892390.400914, type 1 (EV_KEY), code 307 (BTN_NORTH), value 0
Event: time 1694892390.400914, -------------- SYN_REPORT ------------
Event: time 1694892390.525196, type 1 (EV_KEY), code 307 (BTN_NORTH), value 1
Event: time 1694892390.525196, -------------- SYN_REPORT ------------
Event: time 1694892390.617140, type 1 (EV_KEY), code 307 (BTN_NORTH), value 0
Event: time 1694892390.617140, -------------- SYN_REPORT ------------
Event: time 1694892390.744925, type 1 (EV_KEY), code 307 (BTN_NORTH), value 1
Event: time 1694892390.744925, -------------- SYN_REPORT ------------
Event: time 1694892390.828970, type 1 (EV_KEY), code 307 (BTN_NORTH), value 0
Event: time 1694892390.828970, -------------- SYN_REPORT ------------
Event: time 1694892390.957174, type 1 (EV_KEY), code 307 (BTN_NORTH), value 1
Event: time 1694892390.957174, -------------- SYN_REPORT ------------
Event: time 1694892391.041175, type 1 (EV_KEY), code 307 (BTN_NORTH), value 0
Event: time 1694892391.041175, -------------- SYN_REPORT ------------
Event: time 1694892391.156523, type 1 (EV_KEY), code 307 (BTN_NORTH), value 1
Event: time 1694892391.156523, -------------- SYN_REPORT ------------
Event: time 1694892391.241208, type 1 (EV_KEY), code 307 (BTN_NORTH), value 0
Event: time 1694892391.241208, -------------- SYN_REPORT ------------
